  CALL    scripts/atomic/check-atomics.sh
  CALL    scripts/checksyscalls.sh
  CHK     include/generated/compile.h
  CC      drivers/auralic/auralic_filelist.o
In file included from ./include/linux/kernel.h:19,
                 from ./include/linux/list.h:9,
                 from ./include/linux/module.h:12,
                 from drivers/auralic/auralic_filelist.c:5:
drivers/auralic/auralic_filelist.c: In function ‘aura_get_one_info’:
drivers/auralic/auralic_filelist.c:155:65: warning: cast from pointer to integer of different size [-Wpointer-to-int-cast]
  155 |             printk(KERN_DEBUG"aura_get_one_info info=0x%08x\n", (unsigned int)&aura_info[i]);
      |                                                                 ^
./include/linux/printk.h:456:33: note: in definition of macro ‘printk_index_wrap’
  456 |                 _p_func(_fmt, ##__VA_ARGS__);                           \
      |                                 ^~~~~~~~~~~
drivers/auralic/auralic_filelist.c:155:13: note: in expansion of macro ‘printk’
  155 |             printk(KERN_DEBUG"aura_get_one_info info=0x%08x\n", (unsigned int)&aura_info[i]);
      |             ^~~~~~
drivers/auralic/auralic_filelist.c: In function ‘aura_put_one_info’:
drivers/auralic/auralic_filelist.c:219:57: warning: cast from pointer to integer of different size [-Wpointer-to-int-cast]
  219 |     printk(KERN_DEBUG"aura_put_one_info info=0x%08x\n", (unsigned int)info);
      |                                                         ^
./include/linux/printk.h:456:33: note: in definition of macro ‘printk_index_wrap’
  456 |                 _p_func(_fmt, ##__VA_ARGS__);                           \
      |                                 ^~~~~~~~~~~
drivers/auralic/auralic_filelist.c:219:5: note: in expansion of macro ‘printk’
  219 |     printk(KERN_DEBUG"aura_put_one_info info=0x%08x\n", (unsigned int)info);
      |     ^~~~~~
drivers/auralic/auralic_filelist.c: In function ‘aura_info_timeout_handle’:
drivers/auralic/auralic_filelist.c:309:64: warning: cast from pointer to integer of different size [-Wpointer-to-int-cast]
  309 |     printk(KERN_DEBUG"aura_info_timeout_handle info=0x%08x\n", (unsigned int)info);
      |                                                                ^
./include/linux/printk.h:456:33: note: in definition of macro ‘printk_index_wrap’
  456 |                 _p_func(_fmt, ##__VA_ARGS__);                           \
      |                                 ^~~~~~~~~~~
drivers/auralic/auralic_filelist.c:309:5: note: in expansion of macro ‘printk’
  309 |     printk(KERN_DEBUG"aura_info_timeout_handle info=0x%08x\n", (unsigned int)info);
      |     ^~~~~~
drivers/auralic/auralic_filelist.c: In function ‘filelist_process_fn’:
drivers/auralic/auralic_filelist.c:539:25: warning: ISO C90 forbids mixed declarations and code [-Wdeclaration-after-statement]
  539 |                         loff_t pos = 0;
      |                         ^~~~~~
drivers/auralic/auralic_filelist.c:555:29: warning: ISO C90 forbids mixed declarations and code [-Wdeclaration-after-statement]
  555 |                             loff_t pos = 0;
      |                             ^~~~~~
drivers/auralic/auralic_filelist.c:555:36: warning: unused variable ‘pos’ [-Wunused-variable]
  555 |                             loff_t pos = 0;
      |                                    ^~~
drivers/auralic/auralic_filelist.c:539:32: warning: unused variable ‘pos’ [-Wunused-variable]
  539 |                         loff_t pos = 0;
      |                                ^~~
drivers/auralic/auralic_filelist.c: In function ‘filelist_exit’:
drivers/auralic/auralic_filelist.c:801:5: warning: this ‘if’ clause does not guard... [-Wmisleading-indentation]
  801 |     if (filelist_task)
      |     ^~
drivers/auralic/auralic_filelist.c:804:9: note: ...this statement, but the latter is misleadingly indented as if it were guarded by the ‘if’
  804 |         remove_proc_entry(FILELIST_PROC_NAME, NULL);
      |         ^~~~~~~~~~~~~~~~~
  AR      drivers/auralic/built-in.a
  AR      drivers/built-in.a
  GEN     .version
  CHK     include/generated/compile.h
  UPD     include/generated/compile.h
  CC      init/version.o
  AR      init/built-in.a
  LD      vmlinux.o
  MODPOST vmlinux.symvers
  MODINFO modules.builtin.modinfo
  GEN     modules.builtin
  LD      .tmp_vmlinux.kallsyms1
  KSYMS   .tmp_vmlinux.kallsyms1.S
  AS      .tmp_vmlinux.kallsyms1.S
  LD      .tmp_vmlinux.kallsyms2
  KSYMS   .tmp_vmlinux.kallsyms2.S
  AS      .tmp_vmlinux.kallsyms2.S
  LD      vmlinux
  SORTTAB vmlinux
  SYSMAP  System.map
  OBJCOPY arch/arm64/boot/Image
  GZIP    arch/arm64/boot/Image.gz
